<?xml version="1.0" encoding="UTF-8"?>
<!-- Generated by org.testng.reporters.JUnitXMLReporter -->
<testsuite ignored="0" hostname="Moneesh" failures="0" tests="3" name="Default test" time="51.791" errors="0" timestamp="2024-01-25T14:47:06 IST">
  <testcase classname="contactsTest.CreateNewContactsTest" name="createNewContact" time="13.256"/>
  <testcase classname="contactsTest.CreateNewContactsTest" name="sample" time="0.005"/>
  <testcase classname="contactsTest.CreateNewContactsTest" name="sample1" time="0.002"/>
</testsuite> <!-- Default test -->
