<?xml version="1.0" encoding="UTF-8"?>
<testng-results ignored="0" total="3" passed="3" failed="0" skipped="0">
  <reporter-output>
  </reporter-output>
  <suite started-at="2024-01-25T14:46:14 IST" name="Default suite" finished-at="2024-01-25T14:47:06 IST" duration-ms="51791">
    <groups>
      <group name="SmokeSuite">
        <method signature="CreateNewContactsTest.createNewContact()[pri:0, instance:contactsTest.CreateNewContactsTest@77c2494c]" name="createNewContact" class="contactsTest.CreateNewContactsTest"/>
      </group> <!-- SmokeSuite -->
    </groups>
    <test started-at="2024-01-25T14:46:14 IST" name="Default test" finished-at="2024-01-25T14:47:06 IST" duration-ms="51791">
      <class name="contactsTest.CreateNewContactsTest">
        <test-method is-config="true" signature="bsConfig()[pri:0, instance:contactsTest.CreateNewContactsTest@77c2494c]" started-at="2024-01-25T14:46:14 IST" name="bsConfig" finished-at="2024-01-25T14:46:14 IST" duration-ms="22" status="PASS">
          <reporter-output>
          </reporter-output>
        </test-method> <!-- bsConfig -->
        <test-method is-config="true" signature="bcConfig()[pri:0, instance:contactsTest.CreateNewContactsTest@77c2494c]" started-at="2024-01-25T14:46:15 IST" name="bcConfig" finished-at="2024-01-25T14:46:30 IST" duration-ms="15189" status="PASS">
          <reporter-output>
          </reporter-output>
        </test-method> <!-- bcConfig -->
        <test-method is-config="true" signature="bmConfig()[pri:0, instance:contactsTest.CreateNewContactsTest@77c2494c]" started-at="2024-01-25T14:46:30 IST" name="bmConfig" finished-at="2024-01-25T14:46:34 IST" duration-ms="3669" status="PASS">
          <reporter-output>
          </reporter-output>
        </test-method> <!-- bmConfig -->
        <test-method signature="createNewContact()[pri:0, instance:contactsTest.CreateNewContactsTest@77c2494c]" started-at="2024-01-25T14:46:34 IST" name="createNewContact" finished-at="2024-01-25T14:46:47 IST" duration-ms="13256" status="PASS">
          <reporter-output>
          </reporter-output>
        </test-method> <!-- createNewContact -->
        <test-method is-config="true" signature="amConfig()[pri:0, instance:contactsTest.CreateNewContactsTest@77c2494c]" started-at="2024-01-25T14:46:47 IST" name="amConfig" finished-at="2024-01-25T14:46:50 IST" duration-ms="2733" status="PASS">
          <reporter-output>
          </reporter-output>
        </test-method> <!-- amConfig -->
        <test-method is-config="true" signature="bmConfig()[pri:0, instance:contactsTest.CreateNewContactsTest@77c2494c]" started-at="2024-01-25T14:46:50 IST" name="bmConfig" finished-at="2024-01-25T14:46:53 IST" duration-ms="2937" status="PASS">
          <reporter-output>
          </reporter-output>
        </test-method> <!-- bmConfig -->
        <test-method signature="sample()[pri:0, instance:contactsTest.CreateNewContactsTest@77c2494c]" started-at="2024-01-25T14:46:53 IST" name="sample" finished-at="2024-01-25T14:46:53 IST" duration-ms="5" status="PASS">
          <reporter-output>
          </reporter-output>
        </test-method> <!-- sample -->
        <test-method is-config="true" signature="amConfig()[pri:0, instance:contactsTest.CreateNewContactsTest@77c2494c]" started-at="2024-01-25T14:46:53 IST" name="amConfig" finished-at="2024-01-25T14:46:58 IST" duration-ms="4840" status="PASS">
          <reporter-output>
          </reporter-output>
        </test-method> <!-- amConfig -->
        <test-method is-config="true" signature="bmConfig()[pri:0, instance:contactsTest.CreateNewContactsTest@77c2494c]" started-at="2024-01-25T14:46:58 IST" name="bmConfig" finished-at="2024-01-25T14:47:01 IST" duration-ms="3790" status="PASS">
          <reporter-output>
          </reporter-output>
        </test-method> <!-- bmConfig -->
        <test-method signature="sample1()[pri:0, instance:contactsTest.CreateNewContactsTest@77c2494c]" started-at="2024-01-25T14:47:01 IST" name="sample1" finished-at="2024-01-25T14:47:01 IST" duration-ms="2" status="PASS">
          <reporter-output>
          </reporter-output>
        </test-method> <!-- sample1 -->
        <test-method is-config="true" signature="amConfig()[pri:0, instance:contactsTest.CreateNewContactsTest@77c2494c]" started-at="2024-01-25T14:47:01 IST" name="amConfig" finished-at="2024-01-25T14:47:06 IST" duration-ms="4460" status="PASS">
          <reporter-output>
          </reporter-output>
        </test-method> <!-- amConfig -->
        <test-method is-config="true" signature="acConfig()[pri:0, instance:contactsTest.CreateNewContactsTest@77c2494c]" started-at="2024-01-25T14:47:06 IST" name="acConfig" finished-at="2024-01-25T14:47:06 IST" duration-ms="253" status="PASS">
          <reporter-output>
          </reporter-output>
        </test-method> <!-- acConfig -->
        <test-method is-config="true" signature="asConfig()[pri:0, instance:contactsTest.CreateNewContactsTest@77c2494c]" started-at="2024-01-25T14:47:07 IST" name="asConfig" finished-at="2024-01-25T14:47:07 IST" duration-ms="1" status="PASS">
          <reporter-output>
          </reporter-output>
        </test-method> <!-- asConfig -->
      </class> <!-- contactsTest.CreateNewContactsTest -->
    </test> <!-- Default test -->
  </suite> <!-- Default suite -->
</testng-results>
